      1   ARG  N   11.00
      2   LYS  N    9.00
      3   TYR  N   12.00
      4   PHE  N   11.00
      5   VAL  N    7.00
      6   ALA  N    5.00
      7   ALA  N    5.00
      8   ASN  N    8.00
      9   TRP  N   14.00
     10   LYS  N    9.00
     11   CYS  N    6.00
     12   ASN  N    8.00
     13   GLY  N    4.00
     14   THR  N    7.00
     15   LEU  N    8.00
     16   GLU  N    9.00
     17   SER  N    6.00
     18   ILE  N    8.00
     19   LYS  N    9.00
     20   SER  N    6.00
     21   LEU  N    8.00
     22   THR  N    7.00
     23   ASN  N    8.00
     24   SER  N    6.00
     25   PHE  N   11.00
     26   ASN  N    8.00
     27   ASN  N    8.00
     28   LEU  N    8.00
     29   ASP  N    8.00
     30   PHE  N   11.00
     31   ASP  N    8.00
     32   PRO  N    7.00
     33   SER  N    6.00
     34   LYS  N    9.00
     35   LEU  N    8.00
     36   ASP  N    8.00
     37   VAL  N    7.00
     38   VAL  N    1.00
     39   VAL  CA   1.00
     40   VAL  C    1.00
     41   VAL  O    1.00
     42   VAL  CB   1.00
     43   VAL  CG1  1.00
     44   VAL  CG2  1.00
     45   VAL  N    1.00
     46   VAL  CA   1.00
     47   VAL  C    1.00
     48   VAL  O    1.00
     49   VAL  CB   1.00
     50   VAL  CG1  1.00
     51   VAL  CG2  1.00
     52   PHE  N    1.00
     53   PHE  CA   1.00
     54   PHE  C    1.00
     55   PHE  O    1.00
     56   PHE  CB   1.00
     57   PHE  CG   1.00
     58   PHE  CD1  1.00
     59   PHE  CD2  1.00
     60   PHE  CE1  1.00
     61   PHE  CE2  1.00
     62   PHE  CZ   1.00
     63   PRO  N    1.00
     64   PRO  CA   1.00
     65   PRO  C    1.00
     66   PRO  O    1.00
     67   PRO  CB   1.00
     68   PRO  CG   1.00
     69   PRO  CD   1.00
     70   VAL  N    1.00
     71   VAL  CA   1.00
     72   VAL  C    1.00
     73   VAL  O    1.00
     74   VAL  CB   1.00
     75   VAL  CG1  1.00
     76   VAL  CG2  1.00
     77   SER  N    1.00
     78   SER  CA   1.00
     79   SER  C    1.00
     80   SER  O    1.00
     81   SER  CB   1.00
     82   SER  OG   1.00
     83   VAL  N    1.00
     84   VAL  CA   1.00
     85   VAL  C    1.00
     86   VAL  O    1.00
     87   VAL  CB   1.00
     88   VAL  CG1  1.00
     89   VAL  CG2  1.00
     90   HIS  N    1.00
     91   HIS  CA   1.00
     92   HIS  C    1.00
     93   HIS  O    1.00
     94   HIS  CB   1.00
     95   HIS  CG   1.00
     96   HIS  CD2  1.00
     97   HIS  ND1  1.00
     98   HIS  CE1  1.00
     99   HIS  NE2  1.00
    100   TYR  N    1.00
    101   TYR  CA   1.00
    102   TYR  C    1.00
    103   TYR  O    1.00
    104   TYR  CB   1.00
    105   TYR  CG   1.00
    106   TYR  CD1  1.00
    107   TYR  CD2  1.00
    108   TYR  CE1  1.00
    109   TYR  CE2  1.00
    110   TYR  CZ   1.00
    111   TYR  OH   1.00
    112   ASP  N    1.00
    113   ASP  CA   1.00
    114   ASP  C    1.00
    115   ASP  O    1.00
    116   ASP  CB   1.00
    117   ASP  CG   1.00
    118   ASP  OD1  1.00
    119   ASP  OD2  1.00
    120   HIS  N    1.00
    121   HIS  CA   1.00
    122   HIS  C    1.00
    123   HIS  O    1.00
    124   HIS  CB   1.00
    125   HIS  CG   1.00
    126   HIS  CD2  1.00
    127   HIS  ND1  1.00
    128   HIS  CE1  1.00
    129   HIS  NE2  1.00
    130   THR  N    1.00
    131   THR  CA   1.00
    132   THR  C    1.00
    133   THR  O    1.00
    134   THR  CB   1.00
    135   THR  CG2  1.00
    136   THR  OG1  1.00
    137   ARG  N    1.00
    138   ARG  CA   1.00
    139   ARG  C    1.00
    140   ARG  O    1.00
    141   ARG  CB   1.00
    142   ARG  CG   1.00
    143   ARG  CD   1.00
    144   ARG  NE   1.00
    145   ARG  CZ   1.00
    146   ARG  NH1  1.00
    147   ARG  NH2  1.00
    148   LYS  N    1.00
    149   LYS  CA   1.00
    150   LYS  C    1.00
    151   LYS  O    1.00
    152   LYS  CB   1.00
    153   LYS  CG   1.00
    154   LYS  CD   1.00
    155   LYS  CE   1.00
    156   LYS  NZ   1.00
    157   LEU  N    1.00
    158   LEU  CA   1.00
    159   LEU  C    1.00
    160   LEU  O    1.00
    161   LEU  CB   1.00
    162   LEU  CG   1.00
    163   LEU  CD1  1.00
    164   LEU  CD2  1.00
    165   LEU  N    1.00
    166   LEU  CA   1.00
    167   LEU  C    1.00
    168   LEU  O    1.00
    169   LEU  CB   1.00
    170   LEU  CG   1.00
    171   LEU  CD1  1.00
    172   LEU  CD2  1.00
    173   GLN  N    1.00
    174   GLN  CA   1.00
    175   GLN  C    1.00
    176   GLN  O    1.00
    177   GLN  CB   1.00
    178   GLN  CG   1.00
    179   GLN  CD   1.00
    180   GLN  NE2  1.00
    181   GLN  OE1  1.00
    182   SER  N    1.00
    183   SER  CA   1.00
    184   SER  C    1.00
    185   SER  O    1.00
    186   SER  CB   1.00
    187   SER  OG   1.00
    188   LYS  N    1.00
    189   LYS  CA   1.00
    190   LYS  C    1.00
    191   LYS  O    1.00
    192   LYS  CB   1.00
    193   LYS  CG   1.00
    194   LYS  CD   1.00
    195   LYS  CE   1.00
    196   LYS  NZ   1.00
    197   PHE  N    1.00
    198   PHE  CA   1.00
    199   PHE  C    1.00
    200   PHE  O    1.00
    201   PHE  CB   1.00
    202   PHE  CG   1.00
    203   PHE  CD1  1.00
    204   PHE  CD2  1.00
    205   PHE  CE1  1.00
    206   PHE  CE2  1.00
    207   PHE  CZ   1.00
    208   SER  N    1.00
    209   SER  CA   1.00
    210   SER  C    1.00
    211   SER  O    1.00
    212   SER  CB   1.00
    213   SER  OG   1.00
    214   THR  N    1.00
    215   THR  CA   1.00
    216   THR  C    1.00
    217   THR  O    1.00
    218   THR  CB   1.00
    219   THR  CG2  1.00
    220   THR  OG1  1.00
    221   GLY  N    1.00
    222   GLY  CA   1.00
    223   GLY  C    1.00
    224   GLY  O    1.00
    225   ILE  N    1.00
    226   ILE  CA   1.00
    227   ILE  C    1.00
    228   ILE  O    1.00
    229   ILE  CB   1.00
    230   ILE  CG1  1.00
    231   ILE  CG2  1.00
    232   ILE  CD1  1.00
    233   GLN  N    1.00
    234   GLN  CA   1.00
    235   GLN  C    1.00
    236   GLN  O    1.00
    237   GLN  CB   1.00
    238   GLN  CG   1.00
    239   GLN  CD   1.00
    240   GLN  NE2  1.00
    241   GLN  OE1  1.00
    242   ASN  N    1.00
    243   ASN  CA   1.00
    244   ASN  C    1.00
    245   ASN  O    1.00
    246   ASN  CB   1.00
    247   ASN  CG   1.00
    248   ASN  ND2  1.00
    249   ASN  OD1  1.00
    250   VAL  N    1.00
    251   VAL  CA   1.00
    252   VAL  C    1.00
    253   VAL  O    1.00
    254   VAL  CB   1.00
    255   VAL  CG1  1.00
    256   VAL  CG2  1.00
    257   SER  N    1.00
    258   SER  CA   1.00
    259   SER  C    1.00
    260   SER  O    1.00
    261   SER  CB   1.00
    262   SER  OG   1.00
    263   LYS  N    1.00
    264   LYS  CA   1.00
    265   LYS  C    1.00
    266   LYS  O    1.00
    267   LYS  CB   1.00
    268   LYS  CG   1.00
    269   LYS  CD   1.00
    270   LYS  CE   1.00
    271   LYS  NZ   1.00
    272   PHE  N    1.00
    273   PHE  CA   1.00
    274   PHE  C    1.00
    275   PHE  O    1.00
    276   PHE  CB   1.00
    277   PHE  CG   1.00
    278   PHE  CD1  1.00
    279   PHE  CD2  1.00
    280   PHE  CE1  1.00
    281   PHE  CE2  1.00
    282   PHE  CZ   1.00
    283   GLY  N    1.00
    284   GLY  CA   1.00
    285   GLY  C    1.00
    286   GLY  O    1.00
    287   ASN  N    1.00
    288   ASN  CA   1.00
    289   ASN  C    1.00
    290   ASN  O    1.00
    291   ASN  CB   1.00
    292   ASN  CG   1.00
    293   ASN  ND2  1.00
    294   ASN  OD1  1.00
    295   GLY  N    1.00
    296   GLY  CA   1.00
    297   GLY  C    1.00
    298   GLY  O    1.00
    299   SER  N    1.00
    300   SER  CA   1.00
    301   SER  C    1.00
    302   SER  O    1.00
    303   SER  CB   1.00
    304   SER  OG   1.00
    305   TYR  N    1.00
    306   TYR  CA   1.00
    307   TYR  C    1.00
    308   TYR  O    1.00
    309   TYR  CB   1.00
    310   TYR  CG   1.00
    311   TYR  CD1  1.00
    312   TYR  CD2  1.00
    313   TYR  CE1  1.00
    314   TYR  CE2  1.00
    315   TYR  CZ   1.00
    316   TYR  OH   1.00
    317   THR  N    1.00
    318   THR  CA   1.00
    319   THR  C    1.00
    320   THR  O    1.00
    321   THR  CB   1.00
    322   THR  CG2  1.00
    323   THR  OG1  1.00
    324   GLY  N    1.00
    325   GLY  CA   1.00
    326   GLY  C    1.00
    327   GLY  O    1.00
    328   GLU  N    1.00
    329   GLU  CA   1.00
    330   GLU  C    1.00
    331   GLU  O    1.00
    332   GLU  CB   1.00
    333   GLU  CG   1.00
    334   GLU  CD   1.00
    335   GLU  OE1  1.00
    336   GLU  OE2  1.00
    337   VAL  N    1.00
    338   VAL  CA   1.00
    339   VAL  C    1.00
    340   VAL  O    1.00
    341   VAL  CB   1.00
    342   VAL  CG1  1.00
    343   VAL  CG2  1.00
    344   SER  N    1.00
    345   SER  CA   1.00
    346   SER  C    1.00
    347   SER  O    1.00
    348   SER  CB   1.00
    349   SER  OG   1.00
    350   ALA  N    1.00
    351   ALA  CA   1.00
    352   ALA  C    1.00
    353   ALA  O    1.00
    354   ALA  CB   1.00
    355   GLU  N    1.00
    356   GLU  CA   1.00
    357   GLU  C    1.00
    358   GLU  O    1.00
    359   GLU  CB   1.00
    360   GLU  CG   1.00
    361   GLU  CD   1.00
    362   GLU  OE1  1.00
    363   GLU  OE2  1.00
    364   ILE  N    1.00
    365   ILE  CA   1.00
    366   ILE  C    1.00
    367   ILE  O    1.00
    368   ILE  CB   1.00
    369   ILE  CG1  1.00
    370   ILE  CG2  1.00
    371   ILE  CD1  1.00
    372   ALA  N    1.00
    373   ALA  CA   1.00
    374   ALA  C    1.00
    375   ALA  O    1.00
    376   ALA  CB   1.00
    377   LYS  N    1.00
    378   LYS  CA   1.00
    379   LYS  C    1.00
    380   LYS  O    1.00
    381   LYS  CB   1.00
    382   LYS  CG   1.00
    383   LYS  CD   1.00
    384   LYS  CE   1.00
    385   LYS  NZ   1.00
    386   ASP  N    1.00
    387   ASP  CA   1.00
    388   ASP  C    1.00
    389   ASP  O    1.00
    390   ASP  CB   1.00
    391   ASP  CG   1.00
    392   ASP  OD1  1.00
    393   ASP  OD2  1.00
    394   LEU  N    1.00
    395   LEU  CA   1.00
    396   LEU  C    1.00
    397   LEU  O    1.00
    398   LEU  CB   1.00
    399   LEU  CG   1.00
    400   LEU  CD1  1.00
    401   LEU  CD2  1.00
    402   ASN  N    1.00
    403   ASN  CA   1.00
    404   ASN  C    1.00
    405   ASN  O    1.00
    406   ASN  CB   1.00
    407   ASN  CG   1.00
    408   ASN  ND2  1.00
    409   ASN  OD1  1.00
    410   ILE  N    1.00
    411   ILE  CA   1.00
    412   ILE  C    1.00
    413   ILE  O    1.00
    414   ILE  CB   1.00
    415   ILE  CG1  1.00
    416   ILE  CG2  1.00
    417   ILE  CD1  1.00
    418   GLU  N    1.00
    419   GLU  CA   1.00
    420   GLU  C    1.00
    421   GLU  O    1.00
    422   GLU  CB   1.00
    423   GLU  CG   1.00
    424   GLU  CD   1.00
    425   GLU  OE1  1.00
    426   GLU  OE2  1.00
    427   TYR  N    1.00
    428   TYR  CA   1.00
    429   TYR  C    1.00
    430   TYR  O    1.00
    431   TYR  CB   1.00
    432   TYR  CG   1.00
    433   TYR  CD1  1.00
    434   TYR  CD2  1.00
    435   TYR  CE1  1.00
    436   TYR  CE2  1.00
    437   TYR  CZ   1.00
    438   TYR  OH   1.00
    439   VAL  N    1.00
    440   VAL  CA   1.00
    441   VAL  C    1.00
    442   VAL  O    1.00
    443   VAL  CB   1.00
    444   VAL  CG1  1.00
    445   VAL  CG2  1.00
    446   ILE  N    1.00
    447   ILE  CA   1.00
    448   ILE  C    1.00
    449   ILE  O    1.00
    450   ILE  CB   1.00
    451   ILE  CG1  1.00
    452   ILE  CG2  1.00
    453   ILE  CD1  1.00
    454   ILE  N    1.00
    455   ILE  CA   1.00
    456   ILE  C    1.00
    457   ILE  O    1.00
    458   ILE  CB   1.00
    459   ILE  CG1  1.00
    460   ILE  CG2  1.00
    461   ILE  CD1  1.00
    462   GLY  N    1.00
    463   GLY  CA   1.00
    464   GLY  C    1.00
    465   GLY  O    1.00
    466   HIS  N    1.00
    467   HIS  CA   1.00
    468   HIS  C    1.00
    469   HIS  O    1.00
    470   HIS  CB   1.00
    471   HIS  CG   1.00
    472   HIS  CD2  1.00
    473   HIS  ND1  1.00
    474   HIS  CE1  1.00
    475   HIS  NE2  1.00
    476   PHE  N    1.00
    477   PHE  CA   1.00
    478   PHE  C    1.00
    479   PHE  O    1.00
    480   PHE  CB   1.00
    481   PHE  CG   1.00
    482   PHE  CD1  1.00
    483   PHE  CD2  1.00
    484   PHE  CE1  1.00
    485   PHE  CE2  1.00
    486   PHE  CZ   1.00
    487   GLU  N    1.00
    488   GLU  CA   1.00
    489   GLU  C    1.00
    490   GLU  O    1.00
    491   GLU  CB   1.00
    492   GLU  CG   1.00
    493   GLU  CD   1.00
    494   GLU  OE1  1.00
    495   GLU  OE2  1.00
    496   ARG  N    1.00
    497   ARG  CA   1.00
    498   ARG  C    1.00
    499   ARG  O    1.00
    500   ARG  CB   1.00
    501   ARG  CG   1.00
    502   ARG  CD   1.00
    503   ARG  NE   1.00
    504   ARG  CZ   1.00
    505   ARG  NH1  1.00
    506   ARG  NH2  1.00
    507   ARG  N    1.00
    508   ARG  CA   1.00
    509   ARG  C    1.00
    510   ARG  O    1.00
    511   ARG  CB   1.00
    512   ARG  CG   1.00
    513   ARG  CD   1.00
    514   ARG  NE   1.00
    515   ARG  CZ   1.00
    516   ARG  NH1  1.00
    517   ARG  NH2  1.00
    518   LYS  N    1.00
    519   LYS  CA   1.00
    520   LYS  C    1.00
    521   LYS  O    1.00
    522   LYS  CB   1.00
    523   LYS  CG   1.00
    524   LYS  CD   1.00
    525   LYS  CE   1.00
    526   LYS  NZ   1.00
    527   TYR  N    1.00
    528   TYR  CA   1.00
    529   TYR  C    1.00
    530   TYR  O    1.00
    531   TYR  CB   1.00
    532   TYR  CG   1.00
    533   TYR  CD1  1.00
    534   TYR  CD2  1.00
    535   TYR  CE1  1.00
    536   TYR  CE2  1.00
    537   TYR  CZ   1.00
    538   TYR  OH   1.00
    539   PHE  N    1.00
    540   PHE  CA   1.00
    541   PHE  C    1.00
    542   PHE  O    1.00
    543   PHE  CB   1.00
    544   PHE  CG   1.00
    545   PHE  CD1  1.00
    546   PHE  CD2  1.00
    547   PHE  CE1  1.00
    548   PHE  CE2  1.00
    549   PHE  CZ   1.00
    550   HIS  N    1.00
    551   HIS  CA   1.00
    552   HIS  C    1.00
    553   HIS  O    1.00
    554   HIS  CB   1.00
    555   HIS  CG   1.00
    556   HIS  CD2  1.00
    557   HIS  ND1  1.00
    558   HIS  CE1  1.00
    559   HIS  NE2  1.00
    560   GLU  N    1.00
    561   GLU  CA   1.00
    562   GLU  C    1.00
    563   GLU  O    1.00
    564   GLU  CB   1.00
    565   GLU  CG   1.00
    566   GLU  CD   1.00
    567   GLU  OE1  1.00
    568   GLU  OE2  1.00
    569   THR  N    1.00
    570   THR  CA   1.00
    571   THR  C    1.00
    572   THR  O    1.00
    573   THR  CB   1.00
    574   THR  CG2  1.00
    575   THR  OG1  1.00
    576   ASP  N    1.00
    577   ASP  CA   1.00
    578   ASP  C    1.00
    579   ASP  O    1.00
    580   ASP  CB   1.00
    581   ASP  CG   1.00
    582   ASP  OD1  1.00
    583   ASP  OD2  1.00
    584   GLU  N    1.00
    585   GLU  CA   1.00
    586   GLU  C    1.00
    587   GLU  O    1.00
    588   GLU  CB   1.00
    589   GLU  CG   1.00
    590   GLU  CD   1.00
    591   GLU  OE1  1.00
    592   GLU  OE2  1.00
    593   ASP  N    1.00
    594   ASP  CA   1.00
    595   ASP  C    1.00
    596   ASP  O    1.00
    597   ASP  CB   1.00
    598   ASP  CG   1.00
    599   ASP  OD1  1.00
    600   ASP  OD2  1.00
    601   VAL  N    1.00
    602   VAL  CA   1.00
    603   VAL  C    1.00
    604   VAL  O    1.00
    605   VAL  CB   1.00
    606   VAL  CG1  1.00
    607   VAL  CG2  1.00
    608   ARG  N    1.00
    609   ARG  CA   1.00
    610   ARG  C    1.00
    611   ARG  O    1.00
    612   ARG  CB   1.00
    613   ARG  CG   1.00
    614   ARG  CD   1.00
    615   ARG  NE   1.00
    616   ARG  CZ   1.00
    617   ARG  NH1  1.00
    618   ARG  NH2  1.00
    619   GLU  N    1.00
    620   GLU  CA   1.00
    621   GLU  C    1.00
    622   GLU  O    1.00
    623   GLU  CB   1.00
    624   GLU  CG   1.00
    625   GLU  CD   1.00
    626   GLU  OE1  1.00
    627   GLU  OE2  1.00
    628   LYS  N    1.00
    629   LYS  CA   1.00
    630   LYS  C    1.00
    631   LYS  O    1.00
    632   LYS  CB   1.00
    633   LYS  CG   1.00
    634   LYS  CD   1.00
    635   LYS  CE   1.00
    636   LYS  NZ   1.00
    637   LEU  N    1.00
    638   LEU  CA   1.00
    639   LEU  C    1.00
    640   LEU  O    1.00
    641   LEU  CB   1.00
    642   LEU  CG   1.00
    643   LEU  CD1  1.00
    644   LEU  CD2  1.00
    645   GLN  N    1.00
    646   GLN  CA   1.00
    647   GLN  C    1.00
    648   GLN  O    1.00
    649   GLN  CB   1.00
    650   GLN  CG   1.00
    651   GLN  CD   1.00
    652   GLN  NE2  1.00
    653   GLN  OE1  1.00
    654   ALA  N    1.00
    655   ALA  CA   1.00
    656   ALA  C    1.00
    657   ALA  O    1.00
    658   ALA  CB   1.00
    659   SER  N    1.00
    660   SER  CA   1.00
    661   SER  C    1.00
    662   SER  O    1.00
    663   SER  CB   1.00
    664   SER  OG   1.00
    665   LEU  N    1.00
    666   LEU  CA   1.00
    667   LEU  C    1.00
    668   LEU  O    1.00
    669   LEU  CB   1.00
    670   LEU  CG   1.00
    671   LEU  CD1  1.00
    672   LEU  CD2  1.00
    673   LYS  N    1.00
    674   LYS  CA   1.00
    675   LYS  C    1.00
    676   LYS  O    1.00
    677   LYS  CB   1.00
    678   LYS  CG   1.00
    679   LYS  CD   1.00
    680   LYS  CE   1.00
    681   LYS  NZ   1.00
    682   ASN  N    1.00
    683   ASN  CA   1.00
    684   ASN  C    1.00
    685   ASN  O    1.00
    686   ASN  CB   1.00
    687   ASN  CG   1.00
    688   ASN  ND2  1.00
    689   ASN  OD1  1.00
    690   ASN  N    1.00
    691   ASN  CA   1.00
    692   ASN  C    1.00
    693   ASN  O    1.00
    694   ASN  CB   1.00
    695   ASN  CG   1.00
    696   ASN  ND2  1.00
    697   ASN  OD1  1.00
    698   LEU  N    1.00
    699   LEU  CA   1.00
    700   LEU  C    1.00
    701   LEU  O    1.00
    702   LEU  CB   1.00
    703   LEU  CG   1.00
    704   LEU  CD1  1.00
    705   LEU  CD2  1.00
    706   LYS  N    1.00
    707   LYS  CA   1.00
    708   LYS  C    1.00
    709   LYS  O    1.00
    710   LYS  CB   1.00
    711   LYS  CG   1.00
    712   LYS  CD   1.00
    713   LYS  CE   1.00
    714   LYS  NZ   1.00
    715   ALA  N    1.00
    716   ALA  CA   1.00
    717   ALA  C    1.00
    718   ALA  O    1.00
    719   ALA  CB   1.00
    720   VAL  N    1.00
    721   VAL  CA   1.00
    722   VAL  C    1.00
    723   VAL  O    1.00
    724   VAL  CB   1.00
    725   VAL  CG1  1.00
    726   VAL  CG2  1.00
    727   VAL  N    1.00
    728   VAL  CA   1.00
    729   VAL  C    1.00
    730   VAL  O    1.00
    731   VAL  CB   1.00
    732   VAL  CG1  1.00
    733   VAL  CG2  1.00
    734   CYS  N    1.00
    735   CYS  CA   1.00
    736   CYS  C    1.00
    737   CYS  O    1.00
    738   CYS  CB   1.00
    739   CYS  SG   1.00
    740   PHE  N    1.00
    741   PHE  CA   1.00
    742   PHE  C    1.00
    743   PHE  O    1.00
    744   PHE  CB   1.00
    745   PHE  CG   1.00
    746   PHE  CD1  1.00
    747   PHE  CD2  1.00
    748   PHE  CE1  1.00
    749   PHE  CE2  1.00
    750   PHE  CZ   1.00
    751   GLY  N    1.00
    752   GLY  CA   1.00
    753   GLY  C    1.00
    754   GLY  O    1.00
    755   GLU  N    1.00
    756   GLU  CA   1.00
    757   GLU  C    1.00
    758   GLU  O    1.00
    759   GLU  CB   1.00
    760   GLU  CG   1.00
    761   GLU  CD   1.00
    762   GLU  OE1  1.00
    763   GLU  OE2  1.00
    764   SER  N    1.00
    765   SER  CA   1.00
    766   SER  C    1.00
    767   SER  O    1.00
    768   SER  CB   1.00
    769   SER  OG   1.00
    770   LEU  N    1.00
    771   LEU  CA   1.00
    772   LEU  C    1.00
    773   LEU  O    1.00
    774   LEU  CB   1.00
    775   LEU  CG   1.00
    776   LEU  CD1  1.00
    777   LEU  CD2  1.00
    778   GLU  N    1.00
    779   GLU  CA   1.00
    780   GLU  C    1.00
    781   GLU  O    1.00
    782   GLU  CB   1.00
    783   GLU  CG   1.00
    784   GLU  CD   1.00
    785   GLU  OE1  1.00
    786   GLU  OE2  1.00
    787   GLN  N    1.00
    788   GLN  CA   1.00
    789   GLN  C    1.00
    790   GLN  O    1.00
    791   GLN  CB   1.00
    792   GLN  CG   1.00
    793   GLN  CD   1.00
    794   GLN  NE2  1.00
    795   GLN  OE1  1.00
    796   ARG  N    1.00
    797   ARG  CA   1.00
    798   ARG  C    1.00
    799   ARG  O    1.00
    800   ARG  CB   1.00
    801   ARG  CG   1.00
    802   ARG  CD   1.00
    803   ARG  NE   1.00
    804   ARG  CZ   1.00
    805   ARG  NH1  1.00
    806   ARG  NH2  1.00
    807   GLU  N    1.00
    808   GLU  CA   1.00
    809   GLU  C    1.00
    810   GLU  O    1.00
    811   GLU  CB   1.00
    812   GLU  CG   1.00
    813   GLU  CD   1.00
    814   GLU  OE1  1.00
    815   GLU  OE2  1.00
    816   GLN  N    1.00
    817   GLN  CA   1.00
    818   GLN  C    1.00
    819   GLN  O    1.00
    820   GLN  CB   1.00
    821   GLN  CG   1.00
    822   GLN  CD   1.00
    823   GLN  NE2  1.00
    824   GLN  OE1  1.00
    825   ASN  N    1.00
    826   ASN  CA   1.00
    827   ASN  C    1.00
    828   ASN  O    1.00
    829   ASN  CB   1.00
    830   ASN  CG   1.00
    831   ASN  ND2  1.00
    832   ASN  OD1  1.00
    833   LYS  N    1.00
    834   LYS  CA   1.00
    835   LYS  C    1.00
    836   LYS  O    1.00
    837   LYS  CB   1.00
    838   LYS  CG   1.00
    839   LYS  CD   1.00
    840   LYS  CE   1.00
    841   LYS  NZ   1.00
    842   THR  N    1.00
    843   THR  CA   1.00
    844   THR  C    1.00
    845   THR  O    1.00
    846   THR  CB   1.00
    847   THR  CG2  1.00
    848   THR  OG1  1.00
    849   ILE  N    1.00
    850   ILE  CA   1.00
    851   ILE  C    1.00
    852   ILE  O    1.00
    853   ILE  CB   1.00
    854   ILE  CG1  1.00
    855   ILE  CG2  1.00
    856   ILE  CD1  1.00
    857   GLU  N    1.00
    858   GLU  CA   1.00
    859   GLU  C    1.00
    860   GLU  O    1.00
    861   GLU  CB   1.00
    862   GLU  CG   1.00
    863   GLU  CD   1.00
    864   GLU  OE1  1.00
    865   GLU  OE2  1.00
    866   VAL  N    1.00
    867   VAL  CA   1.00
    868   VAL  C    1.00
    869   VAL  O    1.00
    870   VAL  CB   1.00
    871   VAL  CG1  1.00
    872   VAL  CG2  1.00
    873   ILE  N    1.00
    874   ILE  CA   1.00
    875   ILE  C    1.00
    876   ILE  O    1.00
    877   ILE  CB   1.00
    878   ILE  CG1  1.00
    879   ILE  CG2  1.00
    880   ILE  CD1  1.00
    881   THR  N    1.00
    882   THR  CA   1.00
    883   THR  C    1.00
    884   THR  O    1.00
    885   THR  CB   1.00
    886   THR  CG2  1.00
    887   THR  OG1  1.00
    888   LYS  N    1.00
    889   LYS  CA   1.00
    890   LYS  C    1.00
    891   LYS  O    1.00
    892   LYS  CB   1.00
    893   LYS  CG   1.00
    894   LYS  CD   1.00
    895   LYS  CE   1.00
    896   LYS  NZ   1.00
    897   GLN  N    1.00
    898   GLN  CA   1.00
    899   GLN  C    1.00
    900   GLN  O    1.00
    901   GLN  CB   1.00
    902   GLN  CG   1.00
    903   GLN  CD   1.00
    904   GLN  NE2  1.00
    905   GLN  OE1  1.00
    906   VAL  N    1.00
    907   VAL  CA   1.00
    908   VAL  C    1.00
    909   VAL  O    1.00
    910   VAL  CB   1.00
    911   VAL  CG1  1.00
    912   VAL  CG2  1.00
    913   LYS  N    1.00
    914   LYS  CA   1.00
    915   LYS  C    1.00
    916   LYS  O    1.00
    917   LYS  CB   1.00
    918   LYS  CG   1.00
    919   LYS  CD   1.00
    920   LYS  CE   1.00
    921   LYS  NZ   1.00
    922   ALA  N    1.00
    923   ALA  CA   1.00
    924   ALA  C    1.00
    925   ALA  O    1.00
    926   ALA  CB   1.00
    927   PHE  N    1.00
    928   PHE  CA   1.00
    929   PHE  C    1.00
    930   PHE  O    1.00
    931   PHE  CB   1.00
    932   PHE  CG   1.00
    933   PHE  CD1  1.00
    934   PHE  CD2  1.00
    935   PHE  CE1  1.00
    936   PHE  CE2  1.00
    937   PHE  CZ   1.00
    938   VAL  N    1.00
    939   VAL  CA   1.00
    940   VAL  C    1.00
    941   VAL  O    1.00
    942   VAL  CB   1.00
    943   VAL  CG1  1.00
    944   VAL  CG2  1.00
    945   ASP  N    1.00
    946   ASP  CA   1.00
    947   ASP  C    1.00
    948   ASP  O    1.00
    949   ASP  CB   1.00
    950   ASP  CG   1.00
    951   ASP  OD1  1.00
    952   ASP  OD2  1.00
    953   LEU  N    1.00
    954   LEU  CA   1.00
    955   LEU  C    1.00
    956   LEU  O    1.00
    957   LEU  CB   1.00
    958   LEU  CG   1.00
    959   LEU  CD1  1.00
    960   LEU  CD2  1.00
    961   ILE  N    1.00
    962   ILE  CA   1.00
    963   ILE  C    1.00
    964   ILE  O    1.00
    965   ILE  CB   1.00
    966   ILE  CG1  1.00
    967   ILE  CG2  1.00
    968   ILE  CD1  1.00
    969   ASP  N    1.00
    970   ASP  CA   1.00
    971   ASP  C    1.00
    972   ASP  O    1.00
    973   ASP  CB   1.00
    974   ASP  CG   1.00
    975   ASP  OD1  1.00
    976   ASP  OD2  1.00
    977   ASN  N    1.00
    978   ASN  CA   1.00
    979   ASN  C    1.00
    980   ASN  O    1.00
    981   ASN  CB   1.00
    982   ASN  CG   1.00
    983   ASN  ND2  1.00
    984   ASN  OD1  1.00
    985   PHE  N    1.00
    986   PHE  CA   1.00
    987   PHE  C    1.00
    988   PHE  O    1.00
    989   PHE  CB   1.00
    990   PHE  CG   1.00
    991   PHE  CD1  1.00
    992   PHE  CD2  1.00
    993   PHE  CE1  1.00
    994   PHE  CE2  1.00
    995   PHE  CZ   1.00
    996   ASP  N    1.00
    997   ASP  CA   1.00
    998   ASP  C    1.00
    999   ASP  O    1.00
   1000   ASP  CB   1.00
   1001   ASP  CG   1.00
   1002   ASP  OD1  1.00
   1003   ASP  OD2  1.00
   1004   ASN  N    1.00
   1005   ASN  CA   1.00
   1006   ASN  C    1.00
   1007   ASN  O    1.00
   1008   ASN  CB   1.00
   1009   ASN  CG   1.00
   1010   ASN  ND2  1.00
   1011   ASN  OD1  1.00
   1012   VAL  N    1.00
   1013   VAL  CA   1.00
   1014   VAL  C    1.00
   1015   VAL  O    1.00
   1016   VAL  CB   1.00
   1017   VAL  CG1  1.00
   1018   VAL  CG2  1.00
   1019   ILE  N    1.00
   1020   ILE  CA   1.00
   1021   ILE  C    1.00
   1022   ILE  O    1.00
   1023   ILE  CB   1.00
   1024   ILE  CG1  1.00
   1025   ILE  CG2  1.00
   1026   ILE  CD1  1.00
   1027   LEU  N    1.00
   1028   LEU  CA   1.00
   1029   LEU  C    1.00
   1030   LEU  O    1.00
   1031   LEU  CB   1.00
   1032   LEU  CG   1.00
   1033   LEU  CD1  1.00
   1034   LEU  CD2  1.00
   1035   VAL  N    1.00
   1036   VAL  CA   1.00
   1037   VAL  C    1.00
   1038   VAL  O    1.00
   1039   VAL  CB   1.00
   1040   VAL  CG1  1.00
   1041   VAL  CG2  1.00
   1042   TYR  N    1.00
   1043   TYR  CA   1.00
   1044   TYR  C    1.00
   1045   TYR  O    1.00
   1046   TYR  CB   1.00
   1047   TYR  CG   1.00
   1048   TYR  CD1  1.00
   1049   TYR  CD2  1.00
   1050   TYR  CE1  1.00
   1051   TYR  CE2  1.00
   1052   TYR  CZ   1.00
   1053   TYR  OH   1.00
   1054   GLU  N    1.00
   1055   GLU  CA   1.00
   1056   GLU  C    1.00
   1057   GLU  O    1.00
   1058   GLU  CB   1.00
   1059   GLU  CG   1.00
   1060   GLU  CD   1.00
   1061   GLU  OE1  1.00
   1062   GLU  OE2  1.00
   1063   PRO  N    1.00
   1064   PRO  CA   1.00
   1065   PRO  C    1.00
   1066   PRO  O    1.00
   1067   PRO  CB   1.00
   1068   PRO  CG   1.00
   1069   PRO  CD   1.00
   1070   LEU  N    1.00
   1071   LEU  CA   1.00
   1072   LEU  C    1.00
   1073   LEU  O    1.00
   1074   LEU  CB   1.00
   1075   LEU  CG   1.00
   1076   LEU  CD1  1.00
   1077   LEU  CD2  1.00
   1078   PHE  N    1.00
   1079   PHE  CA   1.00
   1080   PHE  C    1.00
   1081   PHE  O    1.00
   1082   PHE  CB   1.00
   1083   PHE  CG   1.00
   1084   PHE  CD1  1.00
   1085   PHE  CD2  1.00
   1086   PHE  CE1  1.00
   1087   PHE  CE2  1.00
   1088   PHE  CZ   1.00
   1089   ALA  N    1.00
   1090   ALA  CA   1.00
   1091   ALA  C    1.00
   1092   ALA  O    1.00
   1093   ALA  CB   1.00
   1094   ILE  N    1.00
   1095   ILE  CA   1.00
   1096   ILE  C    1.00
   1097   ILE  O    1.00
   1098   ILE  CB   1.00
   1099   ILE  CG1  1.00
   1100   ILE  CG2  1.00
   1101   ILE  CD1  1.00
   1102   GLY  N    1.00
   1103   GLY  CA   1.00
   1104   GLY  C    1.00
   1105   GLY  O    1.00
   1106   THR  N    1.00
   1107   THR  CA   1.00
   1108   THR  C    1.00
   1109   THR  O    1.00
   1110   THR  CB   1.00
   1111   THR  CG2  1.00
   1112   THR  OG1  1.00
   1113   GLY  N    1.00
   1114   GLY  CA   1.00
   1115   GLY  C    1.00
   1116   GLY  O    1.00
   1117   LYS  N    9.00
   1118   THR  N    7.00
   1119   ALA  N    5.00
   1120   THR  N    7.00
   1121   PRO  N    7.00
   1122   GLU  N    9.00
   1123   GLN  N    9.00
   1124   ALA  N    5.00
   1125   GLN  N    9.00
   1126   LEU  N    8.00
   1127   VAL  N    7.00
   1128   HIS  N   10.00
   1129   LYS  N    9.00
   1130   GLU  N    9.00
   1131   ILE  N    8.00
   1132   ARG  N   11.00
   1133   LYS  N    9.00
   1134   ILE  N    8.00
   1135   VAL  N    7.00
   1136   LYS  N    9.00
   1137   ASP  N    8.00
   1138   THR  N    7.00
   1139   CYS  N    6.00
   1140   GLY  N    4.00
   1141   GLU  N    9.00
   1142   LYS  N    9.00
   1143   GLN  N    9.00
   1144   ALA  N    5.00
   1145   ASN  N    8.00
   1146   GLN  N    9.00
   1147   ILE  N    8.00
   1148   ARG  N   11.00
   1149   ILE  N    8.00
   1150   LEU  N    8.00
   1151   TYR  N   12.00
   1152   GLY  N    4.00
   1153   GLY  N    4.00
   1154   SER  N    6.00
   1155   VAL  N    7.00
   1156   ASN  N    8.00
   1157   THR  N    7.00
   1158   GLU  N    9.00
   1159   ASN  N    8.00
   1160   CYS  N    6.00
   1161   SER  N    6.00
   1162   SER  N    6.00
   1163   LEU  N    8.00
   1164   ILE  N    8.00
   1165   GLN  N    9.00
   1166   GLN  N    9.00
   1167   GLU  N    9.00
   1168   ASP  N    8.00
   1169   ILE  N    8.00
   1170   ASP  N    8.00
   1171   GLY  N    4.00
   1172   PHE  N   11.00
   1173   LEU  N    8.00
   1174   VAL  N    7.00
   1175   GLY  N    4.00
   1176   ASN  N    8.00
   1177   ALA  N    5.00
   1178   SER  N    6.00
   1179   LEU  N    8.00
   1180   LYS  N    9.00
   1181   GLU  N    9.00
   1182   SER  N    6.00
   1183   PHE  N   11.00
   1184   VAL  N    7.00
   1185   ASP  N    8.00
   1186   ILE  N    8.00
   1187   ILE  N    8.00
   1188   LYS  N    9.00
   1189   SER  N    6.00
   1190   ALA  N    5.00
   1191   MET  N    8.00
   1192   ARG  N   11.00
   1193   LYS  N    9.00
   1194   TYR  N   12.00
   1195   PHE  N   11.00
   1196   VAL  N    7.00
   1197   ALA  N    5.00
   1198   ALA  N    5.00
   1199   ASN  N    8.00
   1200   TRP  N   14.00
   1201   LYS  N    9.00
   1202   CYS  N    6.00
   1203   ASN  N    8.00
   1204   GLY  N    4.00
   1205   THR  N    7.00
   1206   LEU  N    8.00
   1207   GLU  N    9.00
   1208   SER  N    6.00
   1209   ILE  N    8.00
   1210   LYS  N    9.00
   1211   SER  N    6.00
   1212   LEU  N    8.00
   1213   THR  N    7.00
   1214   ASN  N    8.00
   1215   SER  N    6.00
   1216   PHE  N   11.00
   1217   ASN  N    8.00
   1218   ASN  N    8.00
   1219   LEU  N    8.00
   1220   ASP  N    8.00
   1221   PHE  N   11.00
   1222   ASP  N    8.00
   1223   PRO  N    7.00
   1224   SER  N    6.00
   1225   LYS  N    9.00
   1226   LEU  N    8.00
   1227   ASP  N    1.00
   1228   ASP  CA   1.00
   1229   ASP  C    1.00
   1230   ASP  O    1.00
   1231   ASP  CB   1.00
   1232   ASP  CG   1.00
   1233   ASP  OD1  1.00
   1234   ASP  OD2  1.00
   1235   VAL  N    1.00
   1236   VAL  CA   1.00
   1237   VAL  C    1.00
   1238   VAL  O    1.00
   1239   VAL  CB   1.00
   1240   VAL  CG1  1.00
   1241   VAL  CG2  1.00
   1242   VAL  N    1.00
   1243   VAL  CA   1.00
   1244   VAL  C    1.00
   1245   VAL  O    1.00
   1246   VAL  CB   1.00
   1247   VAL  CG1  1.00
   1248   VAL  CG2  1.00
   1249   VAL  N    1.00
   1250   VAL  CA   1.00
   1251   VAL  C    1.00
   1252   VAL  O    1.00
   1253   VAL  CB   1.00
   1254   VAL  CG1  1.00
   1255   VAL  CG2  1.00
   1256   PHE  N    1.00
   1257   PHE  CA   1.00
   1258   PHE  C    1.00
   1259   PHE  O    1.00
   1260   PHE  CB   1.00
   1261   PHE  CG   1.00
   1262   PHE  CD1  1.00
   1263   PHE  CD2  1.00
   1264   PHE  CE1  1.00
   1265   PHE  CE2  1.00
   1266   PHE  CZ   1.00
   1267   PRO  N    1.00
   1268   PRO  CA   1.00
   1269   PRO  C    1.00
   1270   PRO  O    1.00
   1271   PRO  CB   1.00
   1272   PRO  CG   1.00
   1273   PRO  CD   1.00
   1274   VAL  N    1.00
   1275   VAL  CA   1.00
   1276   VAL  C    1.00
   1277   VAL  O    1.00
   1278   VAL  CB   1.00
   1279   VAL  CG1  1.00
   1280   VAL  CG2  1.00
   1281   SER  N    1.00
   1282   SER  CA   1.00
   1283   SER  C    1.00
   1284   SER  O    1.00
   1285   SER  CB   1.00
   1286   SER  OG   1.00
   1287   VAL  N    1.00
   1288   VAL  CA   1.00
   1289   VAL  C    1.00
   1290   VAL  O    1.00
   1291   VAL  CB   1.00
   1292   VAL  CG1  1.00
   1293   VAL  CG2  1.00
   1294   HIS  N    1.00
   1295   HIS  CA   1.00
   1296   HIS  C    1.00
   1297   HIS  O    1.00
   1298   HIS  CB   1.00
   1299   HIS  CG   1.00
   1300   HIS  CD2  1.00
   1301   HIS  ND1  1.00
   1302   HIS  CE1  1.00
   1303   HIS  NE2  1.00
   1304   TYR  N    1.00
   1305   TYR  CA   1.00
   1306   TYR  C    1.00
   1307   TYR  O    1.00
   1308   TYR  CB   1.00
   1309   TYR  CG   1.00
   1310   TYR  CD1  1.00
   1311   TYR  CD2  1.00
   1312   TYR  CE1  1.00
   1313   TYR  CE2  1.00
   1314   TYR  CZ   1.00
   1315   TYR  OH   1.00
   1316   ASP  N    1.00
   1317   ASP  CA   1.00
   1318   ASP  C    1.00
   1319   ASP  O    1.00
   1320   ASP  CB   1.00
   1321   ASP  CG   1.00
   1322   ASP  OD1  1.00
   1323   ASP  OD2  1.00
   1324   HIS  N    1.00
   1325   HIS  CA   1.00
   1326   HIS  C    1.00
   1327   HIS  O    1.00
   1328   HIS  CB   1.00
   1329   HIS  CG   1.00
   1330   HIS  CD2  1.00
   1331   HIS  ND1  1.00
   1332   HIS  CE1  1.00
   1333   HIS  NE2  1.00
   1334   THR  N    1.00
   1335   THR  CA   1.00
   1336   THR  C    1.00
   1337   THR  O    1.00
   1338   THR  CB   1.00
   1339   THR  CG2  1.00
   1340   THR  OG1  1.00
   1341   ARG  N    1.00
   1342   ARG  CA   1.00
   1343   ARG  C    1.00
   1344   ARG  O    1.00
   1345   ARG  CB   1.00
   1346   ARG  CG   1.00
   1347   ARG  CD   1.00
   1348   ARG  NE   1.00
   1349   ARG  CZ   1.00
   1350   ARG  NH1  1.00
   1351   ARG  NH2  1.00
   1352   LYS  N    1.00
   1353   LYS  CA   1.00
   1354   LYS  C    1.00
   1355   LYS  O    1.00
   1356   LYS  CB   1.00
   1357   LYS  CG   1.00
   1358   LYS  CD   1.00
   1359   LYS  CE   1.00
   1360   LYS  NZ   1.00
   1361   LEU  N    1.00
   1362   LEU  CA   1.00
   1363   LEU  C    1.00
   1364   LEU  O    1.00
   1365   LEU  CB   1.00
   1366   LEU  CG   1.00
   1367   LEU  CD1  1.00
   1368   LEU  CD2  1.00
   1369   LEU  N    1.00
   1370   LEU  CA   1.00
   1371   LEU  C    1.00
   1372   LEU  O    1.00
   1373   LEU  CB   1.00
   1374   LEU  CG   1.00
   1375   LEU  CD1  1.00
   1376   LEU  CD2  1.00
   1377   GLN  N    1.00
   1378   GLN  CA   1.00
   1379   GLN  C    1.00
   1380   GLN  O    1.00
   1381   GLN  CB   1.00
   1382   GLN  CG   1.00
   1383   GLN  CD   1.00
   1384   GLN  NE2  1.00
   1385   GLN  OE1  1.00
   1386   SER  N    1.00
   1387   SER  CA   1.00
   1388   SER  C    1.00
   1389   SER  O    1.00
   1390   SER  CB   1.00
   1391   SER  OG   1.00
   1392   LYS  N    1.00
   1393   LYS  CA   1.00
   1394   LYS  C    1.00
   1395   LYS  O    1.00
   1396   LYS  CB   1.00
   1397   LYS  CG   1.00
   1398   LYS  CD   1.00
   1399   LYS  CE   1.00
   1400   LYS  NZ   1.00
   1401   PHE  N    1.00
   1402   PHE  CA   1.00
   1403   PHE  C    1.00
   1404   PHE  O    1.00
   1405   PHE  CB   1.00
   1406   PHE  CG   1.00
   1407   PHE  CD1  1.00
   1408   PHE  CD2  1.00
   1409   PHE  CE1  1.00
   1410   PHE  CE2  1.00
   1411   PHE  CZ   1.00
   1412   SER  N    1.00
   1413   SER  CA   1.00
   1414   SER  C    1.00
   1415   SER  O    1.00
   1416   SER  CB   1.00
   1417   SER  OG   1.00
   1418   THR  N    1.00
   1419   THR  CA   1.00
   1420   THR  C    1.00
   1421   THR  O    1.00
   1422   THR  CB   1.00
   1423   THR  CG2  1.00
   1424   THR  OG1  1.00
   1425   GLY  N    1.00
   1426   GLY  CA   1.00
   1427   GLY  C    1.00
   1428   GLY  O    1.00
   1429   ILE  N    1.00
   1430   ILE  CA   1.00
   1431   ILE  C    1.00
   1432   ILE  O    1.00
   1433   ILE  CB   1.00
   1434   ILE  CG1  1.00
   1435   ILE  CG2  1.00
   1436   ILE  CD1  1.00
   1437   GLN  N    1.00
   1438   GLN  CA   1.00
   1439   GLN  C    1.00
   1440   GLN  O    1.00
   1441   GLN  CB   1.00
   1442   GLN  CG   1.00
   1443   GLN  CD   1.00
   1444   GLN  NE2  1.00
   1445   GLN  OE1  1.00
   1446   ASN  N    1.00
   1447   ASN  CA   1.00
   1448   ASN  C    1.00
   1449   ASN  O    1.00
   1450   ASN  CB   1.00
   1451   ASN  CG   1.00
   1452   ASN  ND2  1.00
   1453   ASN  OD1  1.00
   1454   VAL  N    1.00
   1455   VAL  CA   1.00
   1456   VAL  C    1.00
   1457   VAL  O    1.00
   1458   VAL  CB   1.00
   1459   VAL  CG1  1.00
   1460   VAL  CG2  1.00
   1461   SER  N    1.00
   1462   SER  CA   1.00
   1463   SER  C    1.00
   1464   SER  O    1.00
   1465   SER  CB   1.00
   1466   SER  OG   1.00
   1467   LYS  N    1.00
   1468   LYS  CA   1.00
   1469   LYS  C    1.00
   1470   LYS  O    1.00
   1471   LYS  CB   1.00
   1472   LYS  CG   1.00
   1473   LYS  CD   1.00
   1474   LYS  CE   1.00
   1475   LYS  NZ   1.00
   1476   PHE  N    1.00
   1477   PHE  CA   1.00
   1478   PHE  C    1.00
   1479   PHE  O    1.00
   1480   PHE  CB   1.00
   1481   PHE  CG   1.00
   1482   PHE  CD1  1.00
   1483   PHE  CD2  1.00
   1484   PHE  CE1  1.00
   1485   PHE  CE2  1.00
   1486   PHE  CZ   1.00
   1487   GLY  N    1.00
   1488   GLY  CA   1.00
   1489   GLY  C    1.00
   1490   GLY  O    1.00
   1491   ASN  N    1.00
   1492   ASN  CA   1.00
   1493   ASN  C    1.00
   1494   ASN  O    1.00
   1495   ASN  CB   1.00
   1496   ASN  CG   1.00
   1497   ASN  ND2  1.00
   1498   ASN  OD1  1.00
   1499   GLY  N    1.00
   1500   GLY  CA   1.00
   1501   GLY  C    1.00
   1502   GLY  O    1.00
   1503   SER  N    1.00
   1504   SER  CA   1.00
   1505   SER  C    1.00
   1506   SER  O    1.00
   1507   SER  CB   1.00
   1508   SER  OG   1.00
   1509   TYR  N    1.00
   1510   TYR  CA   1.00
   1511   TYR  C    1.00
   1512   TYR  O    1.00
   1513   TYR  CB   1.00
   1514   TYR  CG   1.00
   1515   TYR  CD1  1.00
   1516   TYR  CD2  1.00
   1517   TYR  CE1  1.00
   1518   TYR  CE2  1.00
   1519   TYR  CZ   1.00
   1520   TYR  OH   1.00
   1521   THR  N    1.00
   1522   THR  CA   1.00
   1523   THR  C    1.00
   1524   THR  O    1.00
   1525   THR  CB   1.00
   1526   THR  CG2  1.00
   1527   THR  OG1  1.00
   1528   GLY  N    1.00
   1529   GLY  CA   1.00
   1530   GLY  C    1.00
   1531   GLY  O    1.00
   1532   GLU  N    1.00
   1533   GLU  CA   1.00
   1534   GLU  C    1.00
   1535   GLU  O    1.00
   1536   GLU  CB   1.00
   1537   GLU  CG   1.00
   1538   GLU  CD   1.00
   1539   GLU  OE1  1.00
   1540   GLU  OE2  1.00
   1541   VAL  N    1.00
   1542   VAL  CA   1.00
   1543   VAL  C    1.00
   1544   VAL  O    1.00
   1545   VAL  CB   1.00
   1546   VAL  CG1  1.00
   1547   VAL  CG2  1.00
   1548   SER  N    1.00
   1549   SER  CA   1.00
   1550   SER  C    1.00
   1551   SER  O    1.00
   1552   SER  CB   1.00
   1553   SER  OG   1.00
   1554   ALA  N    1.00
   1555   ALA  CA   1.00
   1556   ALA  C    1.00
   1557   ALA  O    1.00
   1558   ALA  CB   1.00
   1559   GLU  N    1.00
   1560   GLU  CA   1.00
   1561   GLU  C    1.00
   1562   GLU  O    1.00
   1563   GLU  CB   1.00
   1564   GLU  CG   1.00
   1565   GLU  CD   1.00
   1566   GLU  OE1  1.00
   1567   GLU  OE2  1.00
   1568   ILE  N    1.00
   1569   ILE  CA   1.00
   1570   ILE  C    1.00
   1571   ILE  O    1.00
   1572   ILE  CB   1.00
   1573   ILE  CG1  1.00
   1574   ILE  CG2  1.00
   1575   ILE  CD1  1.00
   1576   ALA  N    1.00
   1577   ALA  CA   1.00
   1578   ALA  C    1.00
   1579   ALA  O    1.00
   1580   ALA  CB   1.00
   1581   LYS  N    1.00
   1582   LYS  CA   1.00
   1583   LYS  C    1.00
   1584   LYS  O    1.00
   1585   LYS  CB   1.00
   1586   LYS  CG   1.00
   1587   LYS  CD   1.00
   1588   LYS  CE   1.00
   1589   LYS  NZ   1.00
   1590   ASP  N    1.00
   1591   ASP  CA   1.00
   1592   ASP  C    1.00
   1593   ASP  O    1.00
   1594   ASP  CB   1.00
   1595   ASP  CG   1.00
   1596   ASP  OD1  1.00
   1597   ASP  OD2  1.00
   1598   LEU  N    1.00
   1599   LEU  CA   1.00
   1600   LEU  C    1.00
   1601   LEU  O    1.00
   1602   LEU  CB   1.00
   1603   LEU  CG   1.00
   1604   LEU  CD1  1.00
   1605   LEU  CD2  1.00
   1606   ASN  N    1.00
   1607   ASN  CA   1.00
   1608   ASN  C    1.00
   1609   ASN  O    1.00
   1610   ASN  CB   1.00
   1611   ASN  CG   1.00
   1612   ASN  ND2  1.00
   1613   ASN  OD1  1.00
   1614   ILE  N    1.00
   1615   ILE  CA   1.00
   1616   ILE  C    1.00
   1617   ILE  O    1.00
   1618   ILE  CB   1.00
   1619   ILE  CG1  1.00
   1620   ILE  CG2  1.00
   1621   ILE  CD1  1.00
   1622   GLU  N    1.00
   1623   GLU  CA   1.00
   1624   GLU  C    1.00
   1625   GLU  O    1.00
   1626   GLU  CB   1.00
   1627   GLU  CG   1.00
   1628   GLU  CD   1.00
   1629   GLU  OE1  1.00
   1630   GLU  OE2  1.00
   1631   TYR  N    1.00
   1632   TYR  CA   1.00
   1633   TYR  C    1.00
   1634   TYR  O    1.00
   1635   TYR  CB   1.00
   1636   TYR  CG   1.00
   1637   TYR  CD1  1.00
   1638   TYR  CD2  1.00
   1639   TYR  CE1  1.00
   1640   TYR  CE2  1.00
   1641   TYR  CZ   1.00
   1642   TYR  OH   1.00
   1643   VAL  N    1.00
   1644   VAL  CA   1.00
   1645   VAL  C    1.00
   1646   VAL  O    1.00
   1647   VAL  CB   1.00
   1648   VAL  CG1  1.00
   1649   VAL  CG2  1.00
   1650   ILE  N    1.00
   1651   ILE  CA   1.00
   1652   ILE  C    1.00
   1653   ILE  O    1.00
   1654   ILE  CB   1.00
   1655   ILE  CG1  1.00
   1656   ILE  CG2  1.00
   1657   ILE  CD1  1.00
   1658   ILE  N    1.00
   1659   ILE  CA   1.00
   1660   ILE  C    1.00
   1661   ILE  O    1.00
   1662   ILE  CB   1.00
   1663   ILE  CG1  1.00
   1664   ILE  CG2  1.00
   1665   ILE  CD1  1.00
   1666   GLY  N    1.00
   1667   GLY  CA   1.00
   1668   GLY  C    1.00
   1669   GLY  O    1.00
   1670   HIS  N    1.00
   1671   HIS  CA   1.00
   1672   HIS  C    1.00
   1673   HIS  O    1.00
   1674   HIS  CB   1.00
   1675   HIS  CG   1.00
   1676   HIS  CD2  1.00
   1677   HIS  ND1  1.00
   1678   HIS  CE1  1.00
   1679   HIS  NE2  1.00
   1680   PHE  N    1.00
   1681   PHE  CA   1.00
   1682   PHE  C    1.00
   1683   PHE  O    1.00
   1684   PHE  CB   1.00
   1685   PHE  CG   1.00
   1686   PHE  CD1  1.00
   1687   PHE  CD2  1.00
   1688   PHE  CE1  1.00
   1689   PHE  CE2  1.00
   1690   PHE  CZ   1.00
   1691   GLU  N    1.00
   1692   GLU  CA   1.00
   1693   GLU  C    1.00
   1694   GLU  O    1.00
   1695   GLU  CB   1.00
   1696   GLU  CG   1.00
   1697   GLU  CD   1.00
   1698   GLU  OE1  1.00
   1699   GLU  OE2  1.00
   1700   ARG  N    1.00
   1701   ARG  CA   1.00
   1702   ARG  C    1.00
   1703   ARG  O    1.00
   1704   ARG  CB   1.00
   1705   ARG  CG   1.00
   1706   ARG  CD   1.00
   1707   ARG  NE   1.00
   1708   ARG  CZ   1.00
   1709   ARG  NH1  1.00
   1710   ARG  NH2  1.00
   1711   ARG  N    1.00
   1712   ARG  CA   1.00
   1713   ARG  C    1.00
   1714   ARG  O    1.00
   1715   ARG  CB   1.00
   1716   ARG  CG   1.00
   1717   ARG  CD   1.00
   1718   ARG  NE   1.00
   1719   ARG  CZ   1.00
   1720   ARG  NH1  1.00
   1721   ARG  NH2  1.00
   1722   LYS  N    1.00
   1723   LYS  CA   1.00
   1724   LYS  C    1.00
   1725   LYS  O    1.00
   1726   LYS  CB   1.00
   1727   LYS  CG   1.00
   1728   LYS  CD   1.00
   1729   LYS  CE   1.00
   1730   LYS  NZ   1.00
   1731   TYR  N    1.00
   1732   TYR  CA   1.00
   1733   TYR  C    1.00
   1734   TYR  O    1.00
   1735   TYR  CB   1.00
   1736   TYR  CG   1.00
   1737   TYR  CD1  1.00
   1738   TYR  CD2  1.00
   1739   TYR  CE1  1.00
   1740   TYR  CE2  1.00
   1741   TYR  CZ   1.00
   1742   TYR  OH   1.00
   1743   PHE  N    1.00
   1744   PHE  CA   1.00
   1745   PHE  C    1.00
   1746   PHE  O    1.00
   1747   PHE  CB   1.00
   1748   PHE  CG   1.00
   1749   PHE  CD1  1.00
   1750   PHE  CD2  1.00
   1751   PHE  CE1  1.00
   1752   PHE  CE2  1.00
   1753   PHE  CZ   1.00
   1754   HIS  N    1.00
   1755   HIS  CA   1.00
   1756   HIS  C    1.00
   1757   HIS  O    1.00
   1758   HIS  CB   1.00
   1759   HIS  CG   1.00
   1760   HIS  CD2  1.00
   1761   HIS  ND1  1.00
   1762   HIS  CE1  1.00
   1763   HIS  NE2  1.00
   1764   GLU  N    1.00
   1765   GLU  CA   1.00
   1766   GLU  C    1.00
   1767   GLU  O    1.00
   1768   GLU  CB   1.00
   1769   GLU  CG   1.00
   1770   GLU  CD   1.00
   1771   GLU  OE1  1.00
   1772   GLU  OE2  1.00
   1773   THR  N    1.00
   1774   THR  CA   1.00
   1775   THR  C    1.00
   1776   THR  O    1.00
   1777   THR  CB   1.00
   1778   THR  CG2  1.00
   1779   THR  OG1  1.00
   1780   ASP  N    1.00
   1781   ASP  CA   1.00
   1782   ASP  C    1.00
   1783   ASP  O    1.00
   1784   ASP  CB   1.00
   1785   ASP  CG   1.00
   1786   ASP  OD1  1.00
   1787   ASP  OD2  1.00
   1788   GLU  N    1.00
   1789   GLU  CA   1.00
   1790   GLU  C    1.00
   1791   GLU  O    1.00
   1792   GLU  CB   1.00
   1793   GLU  CG   1.00
   1794   GLU  CD   1.00
   1795   GLU  OE1  1.00
   1796   GLU  OE2  1.00
   1797   ASP  N    1.00
   1798   ASP  CA   1.00
   1799   ASP  C    1.00
   1800   ASP  O    1.00
   1801   ASP  CB   1.00
   1802   ASP  CG   1.00
   1803   ASP  OD1  1.00
   1804   ASP  OD2  1.00
   1805   VAL  N    1.00
   1806   VAL  CA   1.00
   1807   VAL  C    1.00
   1808   VAL  O    1.00
   1809   VAL  CB   1.00
   1810   VAL  CG1  1.00
   1811   VAL  CG2  1.00
   1812   ARG  N    1.00
   1813   ARG  CA   1.00
   1814   ARG  C    1.00
   1815   ARG  O    1.00
   1816   ARG  CB   1.00
   1817   ARG  CG   1.00
   1818   ARG  CD   1.00
   1819   ARG  NE   1.00
   1820   ARG  CZ   1.00
   1821   ARG  NH1  1.00
   1822   ARG  NH2  1.00
   1823   GLU  N    1.00
   1824   GLU  CA   1.00
   1825   GLU  C    1.00
   1826   GLU  O    1.00
   1827   GLU  CB   1.00
   1828   GLU  CG   1.00
   1829   GLU  CD   1.00
   1830   GLU  OE1  1.00
   1831   GLU  OE2  1.00
   1832   LYS  N    1.00
   1833   LYS  CA   1.00
   1834   LYS  C    1.00
   1835   LYS  O    1.00
   1836   LYS  CB   1.00
   1837   LYS  CG   1.00
   1838   LYS  CD   1.00
   1839   LYS  CE   1.00
   1840   LYS  NZ   1.00
   1841   LEU  N    1.00
   1842   LEU  CA   1.00
   1843   LEU  C    1.00
   1844   LEU  O    1.00
   1845   LEU  CB   1.00
   1846   LEU  CG   1.00
   1847   LEU  CD1  1.00
   1848   LEU  CD2  1.00
   1849   GLN  N    1.00
   1850   GLN  CA   1.00
   1851   GLN  C    1.00
   1852   GLN  O    1.00
   1853   GLN  CB   1.00
   1854   GLN  CG   1.00
   1855   GLN  CD   1.00
   1856   GLN  NE2  1.00
   1857   GLN  OE1  1.00
   1858   ALA  N    1.00
   1859   ALA  CA   1.00
   1860   ALA  C    1.00
   1861   ALA  O    1.00
   1862   ALA  CB   1.00
   1863   SER  N    1.00
   1864   SER  CA   1.00
   1865   SER  C    1.00
   1866   SER  O    1.00
   1867   SER  CB   1.00
   1868   SER  OG   1.00
   1869   LEU  N    1.00
   1870   LEU  CA   1.00
   1871   LEU  C    1.00
   1872   LEU  O    1.00
   1873   LEU  CB   1.00
   1874   LEU  CG   1.00
   1875   LEU  CD1  1.00
   1876   LEU  CD2  1.00
   1877   LYS  N    1.00
   1878   LYS  CA   1.00
   1879   LYS  C    1.00
   1880   LYS  O    1.00
   1881   LYS  CB   1.00
   1882   LYS  CG   1.00
   1883   LYS  CD   1.00
   1884   LYS  CE   1.00
   1885   LYS  NZ   1.00
   1886   ASN  N    1.00
   1887   ASN  CA   1.00
   1888   ASN  C    1.00
   1889   ASN  O    1.00
   1890   ASN  CB   1.00
   1891   ASN  CG   1.00
   1892   ASN  ND2  1.00
   1893   ASN  OD1  1.00
   1894   ASN  N    1.00
   1895   ASN  CA   1.00
   1896   ASN  C    1.00
   1897   ASN  O    1.00
   1898   ASN  CB   1.00
   1899   ASN  CG   1.00
   1900   ASN  ND2  1.00
   1901   ASN  OD1  1.00
   1902   LEU  N    1.00
   1903   LEU  CA   1.00
   1904   LEU  C    1.00
   1905   LEU  O    1.00
   1906   LEU  CB   1.00
   1907   LEU  CG   1.00
   1908   LEU  CD1  1.00
   1909   LEU  CD2  1.00
   1910   LYS  N    1.00
   1911   LYS  CA   1.00
   1912   LYS  C    1.00
   1913   LYS  O    1.00
   1914   LYS  CB   1.00
   1915   LYS  CG   1.00
   1916   LYS  CD   1.00
   1917   LYS  CE   1.00
   1918   LYS  NZ   1.00
   1919   ALA  N    1.00
   1920   ALA  CA   1.00
   1921   ALA  C    1.00
   1922   ALA  O    1.00
   1923   ALA  CB   1.00
   1924   VAL  N    1.00
   1925   VAL  CA   1.00
   1926   VAL  C    1.00
   1927   VAL  O    1.00
   1928   VAL  CB   1.00
   1929   VAL  CG1  1.00
   1930   VAL  CG2  1.00
   1931   VAL  N    1.00
   1932   VAL  CA   1.00
   1933   VAL  C    1.00
   1934   VAL  O    1.00
   1935   VAL  CB   1.00
   1936   VAL  CG1  1.00
   1937   VAL  CG2  1.00
   1938   CYS  N    1.00
   1939   CYS  CA   1.00
   1940   CYS  C    1.00
   1941   CYS  O    1.00
   1942   CYS  CB   1.00
   1943   CYS  SG   1.00
   1944   PHE  N    1.00
   1945   PHE  CA   1.00
   1946   PHE  C    1.00
   1947   PHE  O    1.00
   1948   PHE  CB   1.00
   1949   PHE  CG   1.00
   1950   PHE  CD1  1.00
   1951   PHE  CD2  1.00
   1952   PHE  CE1  1.00
   1953   PHE  CE2  1.00
   1954   PHE  CZ   1.00
   1955   GLY  N    1.00
   1956   GLY  CA   1.00
   1957   GLY  C    1.00
   1958   GLY  O    1.00
   1959   GLU  N    1.00
   1960   GLU  CA   1.00
   1961   GLU  C    1.00
   1962   GLU  O    1.00
   1963   GLU  CB   1.00
   1964   GLU  CG   1.00
   1965   GLU  CD   1.00
   1966   GLU  OE1  1.00
   1967   GLU  OE2  1.00
   1968   SER  N    1.00
   1969   SER  CA   1.00
   1970   SER  C    1.00
   1971   SER  O    1.00
   1972   SER  CB   1.00
   1973   SER  OG   1.00
   1974   LEU  N    1.00
   1975   LEU  CA   1.00
   1976   LEU  C    1.00
   1977   LEU  O    1.00
   1978   LEU  CB   1.00
   1979   LEU  CG   1.00
   1980   LEU  CD1  1.00
   1981   LEU  CD2  1.00
   1982   GLU  N    1.00
   1983   GLU  CA   1.00
   1984   GLU  C    1.00
   1985   GLU  O    1.00
   1986   GLU  CB   1.00
   1987   GLU  CG   1.00
   1988   GLU  CD   1.00
   1989   GLU  OE1  1.00
   1990   GLU  OE2  1.00
   1991   GLN  N    1.00
   1992   GLN  CA   1.00
   1993   GLN  C    1.00
   1994   GLN  O    1.00
   1995   GLN  CB   1.00
   1996   GLN  CG   1.00
   1997   GLN  CD   1.00
   1998   GLN  NE2  1.00
   1999   GLN  OE1  1.00
   2000   ARG  N    1.00
   2001   ARG  CA   1.00
   2002   ARG  C    1.00
   2003   ARG  O    1.00
   2004   ARG  CB   1.00
   2005   ARG  CG   1.00
   2006   ARG  CD   1.00
   2007   ARG  NE   1.00
   2008   ARG  CZ   1.00
   2009   ARG  NH1  1.00
   2010   ARG  NH2  1.00
   2011   GLU  N    1.00
   2012   GLU  CA   1.00
   2013   GLU  C    1.00
   2014   GLU  O    1.00
   2015   GLU  CB   1.00
   2016   GLU  CG   1.00
   2017   GLU  CD   1.00
   2018   GLU  OE1  1.00
   2019   GLU  OE2  1.00
   2020   GLN  N    1.00
   2021   GLN  CA   1.00
   2022   GLN  C    1.00
   2023   GLN  O    1.00
   2024   GLN  CB   1.00
   2025   GLN  CG   1.00
   2026   GLN  CD   1.00
   2027   GLN  NE2  1.00
   2028   GLN  OE1  1.00
   2029   ASN  N    1.00
   2030   ASN  CA   1.00
   2031   ASN  C    1.00
   2032   ASN  O    1.00
   2033   ASN  CB   1.00
   2034   ASN  CG   1.00
   2035   ASN  ND2  1.00
   2036   ASN  OD1  1.00
   2037   LYS  N    1.00
   2038   LYS  CA   1.00
   2039   LYS  C    1.00
   2040   LYS  O    1.00
   2041   LYS  CB   1.00
   2042   LYS  CG   1.00
   2043   LYS  CD   1.00
   2044   LYS  CE   1.00
   2045   LYS  NZ   1.00
   2046   THR  N    1.00
   2047   THR  CA   1.00
   2048   THR  C    1.00
   2049   THR  O    1.00
   2050   THR  CB   1.00
   2051   THR  CG2  1.00
   2052   THR  OG1  1.00
   2053   ILE  N    1.00
   2054   ILE  CA   1.00
   2055   ILE  C    1.00
   2056   ILE  O    1.00
   2057   ILE  CB   1.00
   2058   ILE  CG1  1.00
   2059   ILE  CG2  1.00
   2060   ILE  CD1  1.00
   2061   GLU  N    1.00
   2062   GLU  CA   1.00
   2063   GLU  C    1.00
   2064   GLU  O    1.00
   2065   GLU  CB   1.00
   2066   GLU  CG   1.00
   2067   GLU  CD   1.00
   2068   GLU  OE1  1.00
   2069   GLU  OE2  1.00
   2070   VAL  N    1.00
   2071   VAL  CA   1.00
   2072   VAL  C    1.00
   2073   VAL  O    1.00
   2074   VAL  CB   1.00
   2075   VAL  CG1  1.00
   2076   VAL  CG2  1.00
   2077   ILE  N    1.00
   2078   ILE  CA   1.00
   2079   ILE  C    1.00
   2080   ILE  O    1.00
   2081   ILE  CB   1.00
   2082   ILE  CG1  1.00
   2083   ILE  CG2  1.00
   2084   ILE  CD1  1.00
   2085   THR  N    1.00
   2086   THR  CA   1.00
   2087   THR  C    1.00
   2088   THR  O    1.00
   2089   THR  CB   1.00
   2090   THR  CG2  1.00
   2091   THR  OG1  1.00
   2092   LYS  N    1.00
   2093   LYS  CA   1.00
   2094   LYS  C    1.00
   2095   LYS  O    1.00
   2096   LYS  CB   1.00
   2097   LYS  CG   1.00
   2098   LYS  CD   1.00
   2099   LYS  CE   1.00
   2100   LYS  NZ   1.00
   2101   GLN  N    1.00
   2102   GLN  CA   1.00
   2103   GLN  C    1.00
   2104   GLN  O    1.00
   2105   GLN  CB   1.00
   2106   GLN  CG   1.00
   2107   GLN  CD   1.00
   2108   GLN  NE2  1.00
   2109   GLN  OE1  1.00
   2110   VAL  N    1.00
   2111   VAL  CA   1.00
   2112   VAL  C    1.00
   2113   VAL  O    1.00
   2114   VAL  CB   1.00
   2115   VAL  CG1  1.00
   2116   VAL  CG2  1.00
   2117   LYS  N    1.00
   2118   LYS  CA   1.00
   2119   LYS  C    1.00
   2120   LYS  O    1.00
   2121   LYS  CB   1.00
   2122   LYS  CG   1.00
   2123   LYS  CD   1.00
   2124   LYS  CE   1.00
   2125   LYS  NZ   1.00
   2126   ALA  N    1.00
   2127   ALA  CA   1.00
   2128   ALA  C    1.00
   2129   ALA  O    1.00
   2130   ALA  CB   1.00
   2131   PHE  N    1.00
   2132   PHE  CA   1.00
   2133   PHE  C    1.00
   2134   PHE  O    1.00
   2135   PHE  CB   1.00
   2136   PHE  CG   1.00
   2137   PHE  CD1  1.00
   2138   PHE  CD2  1.00
   2139   PHE  CE1  1.00
   2140   PHE  CE2  1.00
   2141   PHE  CZ   1.00
   2142   VAL  N    1.00
   2143   VAL  CA   1.00
   2144   VAL  C    1.00
   2145   VAL  O    1.00
   2146   VAL  CB   1.00
   2147   VAL  CG1  1.00
   2148   VAL  CG2  1.00
   2149   ASP  N    1.00
   2150   ASP  CA   1.00
   2151   ASP  C    1.00
   2152   ASP  O    1.00
   2153   ASP  CB   1.00
   2154   ASP  CG   1.00
   2155   ASP  OD1  1.00
   2156   ASP  OD2  1.00
   2157   LEU  N    1.00
   2158   LEU  CA   1.00
   2159   LEU  C    1.00
   2160   LEU  O    1.00
   2161   LEU  CB   1.00
   2162   LEU  CG   1.00
   2163   LEU  CD1  1.00
   2164   LEU  CD2  1.00
   2165   ILE  N    1.00
   2166   ILE  CA   1.00
   2167   ILE  C    1.00
   2168   ILE  O    1.00
   2169   ILE  CB   1.00
   2170   ILE  CG1  1.00
   2171   ILE  CG2  1.00
   2172   ILE  CD1  1.00
   2173   ASP  N    1.00
   2174   ASP  CA   1.00
   2175   ASP  C    1.00
   2176   ASP  O    1.00
   2177   ASP  CB   1.00
   2178   ASP  CG   1.00
   2179   ASP  OD1  1.00
   2180   ASP  OD2  1.00
   2181   ASN  N    1.00
   2182   ASN  CA   1.00
   2183   ASN  C    1.00
   2184   ASN  O    1.00
   2185   ASN  CB   1.00
   2186   ASN  CG   1.00
   2187   ASN  ND2  1.00
   2188   ASN  OD1  1.00
   2189   PHE  N    1.00
   2190   PHE  CA   1.00
   2191   PHE  C    1.00
   2192   PHE  O    1.00
   2193   PHE  CB   1.00
   2194   PHE  CG   1.00
   2195   PHE  CD1  1.00
   2196   PHE  CD2  1.00
   2197   PHE  CE1  1.00
   2198   PHE  CE2  1.00
   2199   PHE  CZ   1.00
   2200   ASP  N    1.00
   2201   ASP  CA   1.00
   2202   ASP  C    1.00
   2203   ASP  O    1.00
   2204   ASP  CB   1.00
   2205   ASP  CG   1.00
   2206   ASP  OD1  1.00
   2207   ASP  OD2  1.00
   2208   ASN  N    1.00
   2209   ASN  CA   1.00
   2210   ASN  C    1.00
   2211   ASN  O    1.00
   2212   ASN  CB   1.00
   2213   ASN  CG   1.00
   2214   ASN  ND2  1.00
   2215   ASN  OD1  1.00
   2216   VAL  N    1.00
   2217   VAL  CA   1.00
   2218   VAL  C    1.00
   2219   VAL  O    1.00
   2220   VAL  CB   1.00
   2221   VAL  CG1  1.00
   2222   VAL  CG2  1.00
   2223   ILE  N    1.00
   2224   ILE  CA   1.00
   2225   ILE  C    1.00
   2226   ILE  O    1.00
   2227   ILE  CB   1.00
   2228   ILE  CG1  1.00
   2229   ILE  CG2  1.00
   2230   ILE  CD1  1.00
   2231   LEU  N    1.00
   2232   LEU  CA   1.00
   2233   LEU  C    1.00
   2234   LEU  O    1.00
   2235   LEU  CB   1.00
   2236   LEU  CG   1.00
   2237   LEU  CD1  1.00
   2238   LEU  CD2  1.00
   2239   VAL  N    1.00
   2240   VAL  CA   1.00
   2241   VAL  C    1.00
   2242   VAL  O    1.00
   2243   VAL  CB   1.00
   2244   VAL  CG1  1.00
   2245   VAL  CG2  1.00
   2246   TYR  N    1.00
   2247   TYR  CA   1.00
   2248   TYR  C    1.00
   2249   TYR  O    1.00
   2250   TYR  CB   1.00
   2251   TYR  CG   1.00
   2252   TYR  CD1  1.00
   2253   TYR  CD2  1.00
   2254   TYR  CE1  1.00
   2255   TYR  CE2  1.00
   2256   TYR  CZ   1.00
   2257   TYR  OH   1.00
   2258   GLU  N    1.00
   2259   GLU  CA   1.00
   2260   GLU  C    1.00
   2261   GLU  O    1.00
   2262   GLU  CB   1.00
   2263   GLU  CG   1.00
   2264   GLU  CD   1.00
   2265   GLU  OE1  1.00
   2266   GLU  OE2  1.00
   2267   PRO  N    1.00
   2268   PRO  CA   1.00
   2269   PRO  C    1.00
   2270   PRO  O    1.00
   2271   PRO  CB   1.00
   2272   PRO  CG   1.00
   2273   PRO  CD   1.00
   2274   LEU  N    1.00
   2275   LEU  CA   1.00
   2276   LEU  C    1.00
   2277   LEU  O    1.00
   2278   LEU  CB   1.00
   2279   LEU  CG   1.00
   2280   LEU  CD1  1.00
   2281   LEU  CD2  1.00
   2282   PHE  N    1.00
   2283   PHE  CA   1.00
   2284   PHE  C    1.00
   2285   PHE  O    1.00
   2286   PHE  CB   1.00
   2287   PHE  CG   1.00
   2288   PHE  CD1  1.00
   2289   PHE  CD2  1.00
   2290   PHE  CE1  1.00
   2291   PHE  CE2  1.00
   2292   PHE  CZ   1.00
   2293   ALA  N    1.00
   2294   ALA  CA   1.00
   2295   ALA  C    1.00
   2296   ALA  O    1.00
   2297   ALA  CB   1.00
   2298   ILE  N    1.00
   2299   ILE  CA   1.00
   2300   ILE  C    1.00
   2301   ILE  O    1.00
   2302   ILE  CB   1.00
   2303   ILE  CG1  1.00
   2304   ILE  CG2  1.00
   2305   ILE  CD1  1.00
   2306   GLY  N    1.00
   2307   GLY  CA   1.00
   2308   GLY  C    1.00
   2309   GLY  O    1.00
   2310   THR  N    1.00
   2311   THR  CA   1.00
   2312   THR  C    1.00
   2313   THR  O    1.00
   2314   THR  CB   1.00
   2315   THR  CG2  1.00
   2316   THR  OG1  1.00
   2317   GLY  N    1.00
   2318   GLY  CA   1.00
   2319   GLY  C    1.00
   2320   GLY  O    1.00
   2321   LYS  N    1.00
   2322   LYS  CA   1.00
   2323   LYS  C    1.00
   2324   LYS  O    1.00
   2325   LYS  CB   1.00
   2326   LYS  CG   1.00
   2327   LYS  CD   1.00
   2328   LYS  CE   1.00
   2329   LYS  NZ   1.00
   2330   THR  N    1.00
   2331   THR  CA   1.00
   2332   THR  C    1.00
   2333   THR  O    1.00
   2334   THR  CB   1.00
   2335   THR  CG2  1.00
   2336   THR  OG1  1.00
   2337   ALA  N    1.00
   2338   ALA  CA   1.00
   2339   ALA  C    1.00
   2340   ALA  O    1.00
   2341   ALA  CB   1.00
   2342   THR  N    7.00
   2343   PRO  N    7.00
   2344   GLU  N    9.00
   2345   GLN  N    9.00
   2346   ALA  N    5.00
   2347   GLN  N    9.00
   2348   LEU  N    8.00
   2349   VAL  N    7.00
   2350   HIS  N   10.00
   2351   LYS  N    9.00
   2352   GLU  N    9.00
   2353   ILE  N    8.00
   2354   ARG  N   11.00
   2355   LYS  N    9.00
   2356   ILE  N    8.00
   2357   VAL  N    7.00
   2358   LYS  N    9.00
   2359   ASP  N    8.00
   2360   THR  N    7.00
   2361   CYS  N    6.00
   2362   GLY  N    4.00
   2363   GLU  N    9.00
   2364   LYS  N    9.00
   2365   GLN  N    9.00
   2366   ALA  N    5.00
   2367   ASN  N    8.00
   2368   GLN  N    9.00
   2369   ILE  N    8.00
   2370   ARG  N   11.00
   2371   ILE  N    8.00
   2372   LEU  N    8.00
   2373   TYR  N   12.00
   2374   GLY  N    4.00
   2375   GLY  N    4.00
   2376   SER  N    6.00
   2377   VAL  N    7.00
   2378   ASN  N    8.00
   2379   THR  N    7.00
   2380   GLU  N    9.00
   2381   ASN  N    8.00
   2382   CYS  N    6.00
   2383   SER  N    6.00
   2384   SER  N    6.00
   2385   LEU  N    8.00
   2386   ILE  N    8.00
   2387   GLN  N    9.00
   2388   GLN  N    9.00
   2389   GLU  N    9.00
   2390   ASP  N    8.00
   2391   ILE  N    8.00
   2392   ASP  N    8.00
   2393   GLY  N    4.00
   2394   PHE  N   11.00
   2395   LEU  N    8.00
   2396   VAL  N    7.00
   2397   GLY  N    4.00
   2398   ASN  N    8.00
   2399   ALA  N    5.00
   2400   SER  N    6.00
   2401   LEU  N    8.00
   2402   LYS  N    9.00
   2403   GLU  N    9.00
   2404   SER  N    6.00
   2405   PHE  N   11.00
   2406   VAL  N    7.00
   2407   ASP  N    8.00
   2408   ILE  N    8.00
   2409   ILE  N    8.00
   2410   LYS  N    9.00
   2411   SER  N    6.00
   2412   ALA  N    5.00
   2413   MET  N    8.00
